1647197666480:login
1647197677977:tasks
1647197680988:help
1647197686664:get tasks
1647197801367:login
1647197807749:get tasks
1647198051820:login
1647198066935:start task 1sdf
1647198196403:login
1647198207353:start task sadg
1647198233790:get tasks
1647198240362:task 4
1647198251253:task history 4
1647198258534:get tasks
1647198522251:login
1647198530241:get tasks
1647198745571:login
1647201276921:дщпшт
1647201279245:login
1647201290902:get tasks
1647201968666:login
1647201978465:get tasks
1647202918217:login
1647202926747:get tasks
1647203207472:дщпшт
1647203210312:login
1647203220749:gettasks
1647203223905:get tasks
1647203232165:task 1
1647203238801:task history 1
1647203523855:login
1647203539961:100
1647203544843:login
1647203554331:task 1
1647203560985:get tasks
1647203572428:task history 1
1647203576706:help
1647203643168:login
1647203651832:get tasks
1647203655788:task 1
1647203662823:task history 1
1647203776792:login
1647203788140:task history 1
1647204128700:task 1
1647204240900:login
1647204250080:task history 1
1647204263018:task 1
1647204318930:login
1647204329212:task history 1
1647204591664:login
1647204605411:task history 1
1647204807450:login
1647204818018:task history 1
1647204879502:login
1647204901342:task history 1
1647205033442:login
1647205045434:task histary 1
1647205056476:task history 1
1647205348636:login
1647205357000:task history
1647205364042:task history 1
1647205368884:task 1
1647205375565:get tasks
1647205382909:start task wqrf
1647205390132:help
